# JRE version: Java(TM) SE Runtime Environment (8.0_351-b10) (build 1.8.0_351-b10)
# Java VM: Java HotSpot(TM) Client VM (25.351-b10 mixed mode, sharing windows-x86 )
Heap:
 def new generation   total 4928K, used 2505K [0x04600000, 0x04b50000, 0x09b50000)
  eden space 4416K,  56% used [0x04600000, 0x04871c70, 0x04a50000)
  from space 512K,   0% used [0x04a50000, 0x04a508c0, 0x04ad0000)
  to   space 512K,   0% used [0x04ad0000, 0x04ad0000, 0x04b50000)
 tenured generation   total 10944K, used 7301K [0x09b50000, 0x0a600000, 0x14600000)
   the space 10944K,  66% used [0x09b50000, 0x0a271708, 0x0a271800, 0x0a600000)
 Metaspace       used 6631K, capacity 7022K, committed 7040K, reserved 7552K
GC Heap History (10 events):
Event: 1.253 GC heap before
{Heap before GC invocations=7 (full 0):
 def new generation   total 4928K, used 4927K [0x04600000, 0x04b50000, 0x09b50000)
  eden space 4416K, 100% used [0x04600000, 0x04a50000, 0x04a50000)
  from space 512K,  99% used [0x04ad0000, 0x04b4fff8, 0x04b50000)
  to   space 512K,   0% used [0x04a50000, 0x04a50000, 0x04ad0000)
 tenured generation   total 10944K, used 5184K [0x09b50000, 0x0a600000, 0x14600000)
   the space 10944K,  47% used [0x09b50000, 0x0a060038, 0x0a060200, 0x0a600000)
 Metaspace       used 4513K, capacity 6027K, committed 6144K, reserved 6528K
Event: 1.254 GC heap after
Heap after GC invocations=8 (full 0):
 def new generation   total 4928K, used 447K [0x04600000, 0x04b50000, 0x09b50000)
  eden space 4416K,   0% used [0x04600000, 0x04600000, 0x04a50000)
  from space 512K,  87% used [0x04a50000, 0x04abffd0, 0x04ad0000)
  to   space 512K,   0% used [0x04ad0000, 0x04ad0000, 0x04b50000)
 tenured generation   total 10944K, used 5314K [0x09b50000, 0x0a600000, 0x14600000)
   the space 10944K,  48% used [0x09b50000, 0x0a0808a0, 0x0a080a00, 0x0a600000)
 Metaspace       used 4513K, capacity 6027K, committed 6144K, reserved 6528K
}
Event: 1.311 GC heap before
{Heap before GC invocations=8 (full 0):
 def new generation   total 4928K, used 4863K [0x04600000, 0x04b50000, 0x09b50000)
  eden space 4416K, 100% used [0x04600000, 0x04a50000, 0x04a50000)
  from space 512K,  87% used [0x04a50000, 0x04abffd0, 0x04ad0000)
  to   space 512K,   0% used [0x04ad0000, 0x04ad0000, 0x04b50000)
 tenured generation   total 10944K, used 5314K [0x09b50000, 0x0a600000, 0x14600000)
   the space 10944K,  48% used [0x09b50000, 0x0a0808a0, 0x0a080a00, 0x0a600000)
 Metaspace       used 4943K, capacity 6443K, committed 6528K, reserved 6528K
Event: 1.312 GC heap after
Heap after GC invocations=9 (full 0):
 def new generation   total 4928K, used 511K [0x04600000, 0x04b50000, 0x09b50000)
  eden space 4416K,   0% used [0x04600000, 0x04600000, 0x04a50000)
  from space 512K,  99% used [0x04ad0000, 0x04b4fff8, 0x04b50000)
  to   space 512K,   0% used [0x04a50000, 0x04a50000, 0x04ad0000)
 tenured generation   total 10944K, used 5704K [0x09b50000, 0x0a600000, 0x14600000)
   the space 10944K,  52% used [0x09b50000, 0x0a0e2288, 0x0a0e2400, 0x0a600000)
 Metaspace       used 4943K, capacity 6443K, committed 6528K, reserved 6528K
}
Event: 1.438 GC heap before
{Heap before GC invocations=9 (full 0):
 def new generation   total 4928K, used 4927K [0x04600000, 0x04b50000, 0x09b50000)
  eden space 4416K, 100% used [0x04600000, 0x04a50000, 0x04a50000)
  from space 512K,  99% used [0x04ad0000, 0x04b4fff8, 0x04b50000)
  to   space 512K,   0% used [0x04a50000, 0x04a50000, 0x04ad0000)
 tenured generation   total 10944K, used 5704K [0x09b50000, 0x0a600000, 0x14600000)
   the space 10944K,  52% used [0x09b50000, 0x0a0e2288, 0x0a0e2400, 0x0a600000)
 Metaspace       used 6496K, capacity 6894K, committed 6912K, reserved 7552K
Event: 1.440 GC heap after
Heap after GC invocations=10 (full 0):
 def new generation   total 4928K, used 512K [0x04600000, 0x04b50000, 0x09b50000)
  eden space 4416K,   0% used [0x04600000, 0x04600000, 0x04a50000)
  from space 512K, 100% used [0x04a50000, 0x04ad0000, 0x04ad0000)
  to   space 512K,   0% used [0x04ad0000, 0x04ad0000, 0x04b50000)
 tenured generation   total 10944K, used 6789K [0x09b50000, 0x0a600000, 0x14600000)
   the space 10944K,  62% used [0x09b50000, 0x0a1f1788, 0x0a1f1800, 0x0a600000)
 Metaspace       used 6496K, capacity 6894K, committed 6912K, reserved 7552K
}
Event: 1.946 GC heap before
{Heap before GC invocations=10 (full 0):
 def new generation   total 4928K, used 4928K [0x04600000, 0x04b50000, 0x09b50000)
  eden space 4416K, 100% used [0x04600000, 0x04a50000, 0x04a50000)
  from space 512K, 100% used [0x04a50000, 0x04ad0000, 0x04ad0000)
  to   space 512K,   0% used [0x04ad0000, 0x04ad0000, 0x04b50000)
 tenured generation   total 10944K, used 6789K [0x09b50000, 0x0a600000, 0x14600000)
   the space 10944K,  62% used [0x09b50000, 0x0a1f1788, 0x0a1f1800, 0x0a600000)
 Metaspace       used 6510K, capacity 6894K, committed 6912K, reserved 7552K
Event: 1.947 GC heap after
Heap after GC invocations=11 (full 0):
 def new generation   total 4928K, used 16K [0x04600000, 0x04b50000, 0x09b50000)
  eden space 4416K,   0% used [0x04600000, 0x04600000, 0x04a50000)
  from space 512K,   3% used [0x04ad0000, 0x04ad4120, 0x04b50000)
  to   space 512K,   0% used [0x04a50000, 0x04a50000, 0x04ad0000)
 tenured generation   total 10944K, used 7301K [0x09b50000, 0x0a600000, 0x14600000)
   the space 10944K,  66% used [0x09b50000, 0x0a271708, 0x0a271800, 0x0a600000)
 Metaspace       used 6510K, capacity 6894K, committed 6912K, reserved 7552K
}
Event: 2.474 GC heap before
{Heap before GC invocations=11 (full 0):
 def new generation   total 4928K, used 4432K [0x04600000, 0x04b50000, 0x09b50000)
  eden space 4416K, 100% used [0x04600000, 0x04a50000, 0x04a50000)
  from space 512K,   3% used [0x04ad0000, 0x04ad4120, 0x04b50000)
  to   space 512K,   0% used [0x04a50000, 0x04a50000, 0x04ad0000)
 tenured generation   total 10944K, used 7301K [0x09b50000, 0x0a600000, 0x14600000)
   the space 10944K,  66% used [0x09b50000, 0x0a271708, 0x0a271800, 0x0a600000)
 Metaspace       used 6510K, capacity 6894K, committed 6912K, reserved 7552K
Event: 2.475 GC heap after
Heap after GC invocations=12 (full 0):
 def new generation   total 4928K, used 2K [0x04600000, 0x04b50000, 0x09b50000)
  eden space 4416K,   0% used [0x04600000, 0x04600000, 0x04a50000)
  from space 512K,   0% used [0x04a50000, 0x04a508c0, 0x04ad0000)
  to   space 512K,   0% used [0x04ad0000, 0x04ad0000, 0x04b50000)
 tenured generation   total 10944K, used 7301K [0x09b50000, 0x0a600000, 0x14600000)
   the space 10944K,  66% used [0x09b50000, 0x0a271708, 0x0a271800, 0x0a600000)
 Metaspace       used 6510K, capacity 6894K, committed 6912K, reserved 7552K
}

