# JRE version: Java(TM) SE Runtime Environment (8.0_351-b10) (build 1.8.0_351-b10)
# Java VM: Java HotSpot(TM) Client VM (25.351-b10 mixed mode, sharing windows-x86 )
Heap:
 def new generation   total 4928K, used 3855K [0x04e00000, 0x05350000, 0x0a350000)
  eden space 4416K,  87% used [0x04e00000, 0x051c3450, 0x05250000)
  from space 512K,   0% used [0x05250000, 0x05250940, 0x052d0000)
  to   space 512K,   0% used [0x052d0000, 0x052d0000, 0x05350000)
 tenured generation   total 10944K, used 7138K [0x0a350000, 0x0ae00000, 0x14e00000)
   the space 10944K,  65% used [0x0a350000, 0x0aa48a40, 0x0aa48c00, 0x0ae00000)
 Metaspace       used 6631K, capacity 7022K, committed 7040K, reserved 7552K
GC Heap History (10 events):
Event: 1.278 GC heap before
{Heap before GC invocations=7 (full 0):
 def new generation   total 4928K, used 4928K [0x04e00000, 0x05350000, 0x0a350000)
  eden space 4416K, 100% used [0x04e00000, 0x05250000, 0x05250000)
  from space 512K, 100% used [0x052d0000, 0x05350000, 0x05350000)
  to   space 512K,   0% used [0x05250000, 0x05250000, 0x052d0000)
 tenured generation   total 10944K, used 5124K [0x0a350000, 0x0ae00000, 0x14e00000)
   the space 10944K,  46% used [0x0a350000, 0x0a851078, 0x0a851200, 0x0ae00000)
 Metaspace       used 4606K, capacity 6123K, committed 6144K, reserved 6528K
Event: 1.280 GC heap after
Heap after GC invocations=8 (full 0):
 def new generation   total 4928K, used 512K [0x04e00000, 0x05350000, 0x0a350000)
  eden space 4416K,   0% used [0x04e00000, 0x04e00000, 0x05250000)
  from space 512K, 100% used [0x05250000, 0x052d0000, 0x052d0000)
  to   space 512K,   0% used [0x052d0000, 0x052d0000, 0x05350000)
 tenured generation   total 10944K, used 5374K [0x0a350000, 0x0ae00000, 0x14e00000)
   the space 10944K,  49% used [0x0a350000, 0x0a88f8c8, 0x0a88fa00, 0x0ae00000)
 Metaspace       used 4606K, capacity 6123K, committed 6144K, reserved 6528K
}
Event: 1.335 GC heap before
{Heap before GC invocations=8 (full 0):
 def new generation   total 4928K, used 4928K [0x04e00000, 0x05350000, 0x0a350000)
  eden space 4416K, 100% used [0x04e00000, 0x05250000, 0x05250000)
  from space 512K, 100% used [0x05250000, 0x052d0000, 0x052d0000)
  to   space 512K,   0% used [0x052d0000, 0x052d0000, 0x05350000)
 tenured generation   total 10944K, used 5374K [0x0a350000, 0x0ae00000, 0x14e00000)
   the space 10944K,  49% used [0x0a350000, 0x0a88f8c8, 0x0a88fa00, 0x0ae00000)
 Metaspace       used 5139K, capacity 6670K, committed 6784K, reserved 7552K
Event: 1.337 GC heap after
Heap after GC invocations=9 (full 0):
 def new generation   total 4928K, used 512K [0x04e00000, 0x05350000, 0x0a350000)
  eden space 4416K,   0% used [0x04e00000, 0x04e00000, 0x05250000)
  from space 512K, 100% used [0x052d0000, 0x05350000, 0x05350000)
  to   space 512K,   0% used [0x05250000, 0x05250000, 0x052d0000)
 tenured generation   total 10944K, used 5781K [0x0a350000, 0x0ae00000, 0x14e00000)
   the space 10944K,  52% used [0x0a350000, 0x0a8f5678, 0x0a8f5800, 0x0ae00000)
 Metaspace       used 5139K, capacity 6670K, committed 6784K, reserved 7552K
}
Event: 1.560 GC heap before
{Heap before GC invocations=9 (full 0):
 def new generation   total 4928K, used 4928K [0x04e00000, 0x05350000, 0x0a350000)
  eden space 4416K, 100% used [0x04e00000, 0x05250000, 0x05250000)
  from space 512K, 100% used [0x052d0000, 0x05350000, 0x05350000)
  to   space 512K,   0% used [0x05250000, 0x05250000, 0x052d0000)
 tenured generation   total 10944K, used 5781K [0x0a350000, 0x0ae00000, 0x14e00000)
   the space 10944K,  52% used [0x0a350000, 0x0a8f5678, 0x0a8f5800, 0x0ae00000)
 Metaspace       used 6496K, capacity 6894K, committed 6912K, reserved 7552K
Event: 1.562 GC heap after
Heap after GC invocations=10 (full 0):
 def new generation   total 4928K, used 512K [0x04e00000, 0x05350000, 0x0a350000)
  eden space 4416K,   0% used [0x04e00000, 0x04e00000, 0x05250000)
  from space 512K, 100% used [0x05250000, 0x052d0000, 0x052d0000)
  to   space 512K,   0% used [0x052d0000, 0x052d0000, 0x05350000)
 tenured generation   total 10944K, used 6626K [0x0a350000, 0x0ae00000, 0x14e00000)
   the space 10944K,  60% used [0x0a350000, 0x0a9c8b70, 0x0a9c8c00, 0x0ae00000)
 Metaspace       used 6496K, capacity 6894K, committed 6912K, reserved 7552K
}
Event: 2.072 GC heap before
{Heap before GC invocations=10 (full 0):
 def new generation   total 4928K, used 4928K [0x04e00000, 0x05350000, 0x0a350000)
  eden space 4416K, 100% used [0x04e00000, 0x05250000, 0x05250000)
  from space 512K, 100% used [0x05250000, 0x052d0000, 0x052d0000)
  to   space 512K,   0% used [0x052d0000, 0x052d0000, 0x05350000)
 tenured generation   total 10944K, used 6626K [0x0a350000, 0x0ae00000, 0x14e00000)
   the space 10944K,  60% used [0x0a350000, 0x0a9c8b70, 0x0a9c8c00, 0x0ae00000)
 Metaspace       used 6511K, capacity 6894K, committed 6912K, reserved 7552K
Event: 2.074 GC heap after
Heap after GC invocations=11 (full 0):
 def new generation   total 4928K, used 16K [0x04e00000, 0x05350000, 0x0a350000)
  eden space 4416K,   0% used [0x04e00000, 0x04e00000, 0x05250000)
  from space 512K,   3% used [0x052d0000, 0x052d4068, 0x05350000)
  to   space 512K,   0% used [0x05250000, 0x05250000, 0x052d0000)
 tenured generation   total 10944K, used 7138K [0x0a350000, 0x0ae00000, 0x14e00000)
   the space 10944K,  65% used [0x0a350000, 0x0aa48a40, 0x0aa48c00, 0x0ae00000)
 Metaspace       used 6511K, capacity 6894K, committed 6912K, reserved 7552K
}
Event: 2.601 GC heap before
{Heap before GC invocations=11 (full 0):
 def new generation   total 4928K, used 4432K [0x04e00000, 0x05350000, 0x0a350000)
  eden space 4416K, 100% used [0x04e00000, 0x05250000, 0x05250000)
  from space 512K,   3% used [0x052d0000, 0x052d4068, 0x05350000)
  to   space 512K,   0% used [0x05250000, 0x05250000, 0x052d0000)
 tenured generation   total 10944K, used 7138K [0x0a350000, 0x0ae00000, 0x14e00000)
   the space 10944K,  65% used [0x0a350000, 0x0aa48a40, 0x0aa48c00, 0x0ae00000)
 Metaspace       used 6511K, capacity 6894K, committed 6912K, reserved 7552K
Event: 2.601 GC heap after
Heap after GC invocations=12 (full 0):
 def new generation   total 4928K, used 2K [0x04e00000, 0x05350000, 0x0a350000)
  eden space 4416K,   0% used [0x04e00000, 0x04e00000, 0x05250000)
  from space 512K,   0% used [0x05250000, 0x05250940, 0x052d0000)
  to   space 512K,   0% used [0x052d0000, 0x052d0000, 0x05350000)
 tenured generation   total 10944K, used 7138K [0x0a350000, 0x0ae00000, 0x14e00000)
   the space 10944K,  65% used [0x0a350000, 0x0aa48a40, 0x0aa48c00, 0x0ae00000)
 Metaspace       used 6511K, capacity 6894K, committed 6912K, reserved 7552K
}

